[debug] [2023-11-02T17:45:57.390Z] ----------------------------------------------------------------------
[debug] [2023-11-02T17:45:57.392Z] Command:       /home/gitpod/.nvm/versions/node/v20.9.0/bin/node /home/gitpod/.nvm/versions/node/v20.9.0/bin/firebase login
[debug] [2023-11-02T17:45:57.392Z] CLI Version:   12.8.0
[debug] [2023-11-02T17:45:57.392Z] Platform:      linux
[debug] [2023-11-02T17:45:57.392Z] Node Version:  v20.9.0
[debug] [2023-11-02T17:45:57.392Z] Time:          Thu Nov 02 2023 17:45:57 GMT+0000 (Coordinated Universal Time)
[debug] [2023-11-02T17:45:57.392Z] ----------------------------------------------------------------------
[debug] 
[debug] [2023-11-02T17:45:57.394Z] >>> [apiv2][query] GET https://firebase-public.firebaseio.com/cli.json [none]
[info] i  Firebase optionally collects CLI and Emulator Suite usage and error reporting information to help improve our products. Data is collected in accordance with Google's privacy policy (https://policies.google.com/privacy) and is not used to identify you.
 
[debug] [2023-11-02T17:45:57.591Z] <<< [apiv2][status] GET https://firebase-public.firebaseio.com/cli.json 200
[debug] [2023-11-02T17:45:57.592Z] <<< [apiv2][body] GET https://firebase-public.firebaseio.com/cli.json {"cloudBuildErrorAfter":1594252800000,"cloudBuildWarnAfter":1590019200000,"defaultNode10After":1594252800000,"minVersion":"3.0.5","node8DeploysDisabledAfter":1613390400000,"node8RuntimeDisabledAfter":1615809600000,"node8WarnAfter":1600128000000}
[info] i  To change your data collection preference at any time, run `firebase logout` and log in again. 
[info] 
[info] Visit this URL on this device to log in:
[info] https://accounts.google.com/o/oauth2/auth?client_id=563584335869-fgrhgmd47bqnekij5i8b5pr03ho849e6.apps.googleusercontent.com&scope=email%20openid%20https%3A%2F%2Fwww.googleapis.com%2Fauth%2Fcloudplatformprojects.readonly%20https%3A%2F%2Fwww.googleapis.com%2Fauth%2Ffirebase%20https%3A%2F%2Fwww.googleapis.com%2Fauth%2Fcloud-platform&response_type=code&state=318685486&redirect_uri=http%3A%2F%2Flocalhost%3A9005
[info] 
[info] Waiting for authentication...
[debug] [2023-11-02T17:58:30.832Z] ----------------------------------------------------------------------
[debug] [2023-11-02T17:58:30.834Z] Command:       /home/gitpod/.nvm/versions/node/v20.9.0/bin/node /home/gitpod/.nvm/versions/node/v20.9.0/bin/firebase login
[debug] [2023-11-02T17:58:30.834Z] CLI Version:   12.8.0
[debug] [2023-11-02T17:58:30.835Z] Platform:      linux
[debug] [2023-11-02T17:58:30.835Z] Node Version:  v20.9.0
[debug] [2023-11-02T17:58:30.835Z] Time:          Thu Nov 02 2023 17:58:30 GMT+0000 (Coordinated Universal Time)
[debug] [2023-11-02T17:58:30.835Z] ----------------------------------------------------------------------
[debug] 
[info] i  Firebase optionally collects CLI and Emulator Suite usage and error reporting information to help improve our products. Data is collected in accordance with Google's privacy policy (https://policies.google.com/privacy) and is not used to identify you.
 
[info] i  To change your data collection preference at any time, run `firebase logout` and log in again. 
[info] 
[info] Visit this URL on this device to log in:
[info] https://accounts.google.com/o/oauth2/auth?client_id=563584335869-fgrhgmd47bqnekij5i8b5pr03ho849e6.apps.googleusercontent.com&scope=email%20openid%20https%3A%2F%2Fwww.googleapis.com%2Fauth%2Fcloudplatformprojects.readonly%20https%3A%2F%2Fwww.googleapis.com%2Fauth%2Ffirebase%20https%3A%2F%2Fwww.googleapis.com%2Fauth%2Fcloud-platform&response_type=code&state=789068129&redirect_uri=http%3A%2F%2Flocalhost%3A9005
[info] 
[info] Waiting for authentication...
